#
# A fatal error has been detected by the Java Runtime Environment:
#
#  EXCEPTION_ACCESS_VIOLATION (0xc0000005) at pc=0x00007ffb156ec8e8, pid=7760, tid=10152
#
# JRE version: OpenJDK Runtime Environment Temurin-17.0.5+8 (17.0.5+8) (build 17.0.5+8)
# Java VM: OpenJDK 64-Bit Server VM Temurin-17.0.5+8 (17.0.5+8, mixed mode, tiered, compressed oops, compressed class ptrs, parallel gc, windows-amd64)
# Problematic frame:
# V  [jvm.dll+0xc8e8]
#
# No core dump will be written. Minidumps are not enabled by default on client versions of Windows
#
# If you would like to submit a bug report, please visit:
#   https://github.com/adoptium/adoptium-support/issues
#

---------------  S U M M A R Y ------------

Command Line: --add-modules=ALL-SYSTEM --add-opens=java.base/java.util=ALL-UNNAMED --add-opens=java.base/java.lang=ALL-UNNAMED --add-opens=java.base/sun.nio.fs=ALL-UNNAMED -Declipse.application=org.eclipse.jdt.ls.core.id1 -Dosgi.bundles.defaultStartLevel=4 -Declipse.product=org.eclipse.jdt.ls.core.product -Djava.import.generatesMetadataFilesAtProjectRoot=false -Dfile.encoding=utf8 -XX:+UseParallelGC -XX:GCTimeRatio=4 -XX:AdaptiveSizePolicyWeight=90 -Dsun.zip.disableMemoryMapping=true -Xmx1G -Xms100m -Xlog:disable -javaagent:c:\Users\ADMIN\.vscode\extensions\redhat.java-1.13.0-win32-x64\lombok\lombok-1.18.24.jar -XX:+HeapDumpOnOutOfMemoryError -XX:HeapDumpPath=c:\Users\ADMIN\AppData\Roaming\Code\User\workspaceStorage\927270327b20aebf58e5c3e4cb664340\redhat.java c:\Users\ADMIN\.vscode\extensions\redhat.java-1.13.0-win32-x64\server\plugins\org.eclipse.equinox.launcher_1.6.400.v20210924-0641.jar -configuration c:\Users\ADMIN\AppData\Roaming\Code\User\globalStorage\redhat.java\1.13.0\config_win -data c:\Users\ADMIN\AppData\Roaming\Code\User\workspaceStorage\927270327b20aebf58e5c3e4cb664340\redhat.java\jdt_ws

Host: Intel(R) Core(TM) i5-4200U CPU @ 1.60GHz, 4 cores, 11G,  Windows 10 , 64 bit Build 19041 (10.0.19041.2364)
Time: Fri Feb  3 20:12:16 2023 Paris, Madrid elapsed time: 39788.278904 seconds (0d 11h 3m 8s)

---------------  T H R E A D  ---------------

Current thread (0x000001327b90d350):  GCTaskThread "GC Thread#2" [stack: 0x0000001e13500000,0x0000001e13600000] [id=10152]

Stack: [0x0000001e13500000,0x0000001e13600000],  sp=0x0000001e135ffa48,  free space=1022k
Native frames: (J=compiled Java code, j=interpreted, Vv=VM code, C=native code)
V  [jvm.dll+0xc8e8]


siginfo: EXCEPTION_ACCESS_VIOLATION (0xc0000005), reading address 0x000000009d510758


Register to memory mapping:

RIP=0x00007ffb156ec8e8 jvm.dll
RAX=0x0000000000000001 is an unknown value
RBX=
[error occurred during error reporting (printing register info), id 0xc0000005, EXCEPTION_ACCESS_VIOLATION (0xc0000005) at pc=0x00007ffb15d63126]

Registers:
RAX=0x0000000000000001, RBX=0x00000000c1420340, RCX=0x0000000000000003, RDX=0x00000000c1420340
RSP=0x0000001e135ffa48, RBP=0x0000001e135ffb50, RSI=0x00000000c142033c, RDI=0x0000013279a64fa0
R8 =0x000000009d510750, R9 =0x000000000000a101, R10=0x0000000000000052, R11=0x0000000000000003
R12=0x0000000000000000, R13=0x0000000000000010, R14=0x000000010054cc18, R15=0x00000000c1420328
RIP=0x00007ffb156ec8e8, EFLAGS=0x0000000000010206

Top of Stack: (sp=0x0000001e135ffa48)
0x0000001e135ffa48:   00007ffb15d89d72 00000000c1420328
0x0000001e135ffa58:   0000000000000003 00000000c1df4770
0x0000001e135ffa68:   00007ffb15d88b8f 0000013279a64fa0
0x0000001e135ffa78:   00007ffb15d87652 00000000c1420340
0x0000001e135ffa88:   00000001005485d8 000001327ea24c80
0x0000001e135ffa98:   0000001e135ffb50 000000010054cc10
0x0000001e135ffaa8:   00007ffb15d87ece 00000000c1420334
0x0000001e135ffab8:   00007ffb15d8942e 00000000c1410188
0x0000001e135ffac8:   00000000c140ff04 00007ffb161f0730
0x0000001e135ffad8:   00007ffb15ff7850 0000000000002bd6
0x0000001e135ffae8:   00007ffb15d89769 00007ffb1608c358
0x0000001e135ffaf8:   0000013279a64fa0 0000001e135ffb59
0x0000001e135ffb08:   0000000000002abb 0000013265ce4230
0x0000001e135ffb18:   00007ffb15d89d9d 00000000c0fdec60
0x0000001e135ffb28:   0000000000000008 0000dd3300000003
0x0000001e135ffb38:   0000013279a64fa0 0000013279a64fa0 

Instructions: (pc=0x00007ffb156ec8e8)
0x00007ffb156ec7e8:   48 83 c4 20 5e c3 cc cc 48 8b 01 c3 cc cc cc cc
0x00007ffb156ec7f8:   cc cc cc cc cc cc cc cc 4c 8b 01 4c 8b c9 48 8b
0x00007ffb156ec808:   0d 83 a3 b4 00 ba 44 60 08 00 e9 59 f2 ff ff cc
0x00007ffb156ec818:   cc cc cc cc cc cc cc cc 48 89 5c 24 08 57 48 83
0x00007ffb156ec828:   ec 20 48 8b 39 48 8b d9 48 85 3d 31 81 b9 00 75
0x00007ffb156ec838:   0e 48 8b c7 48 8b 5c 24 30 48 83 c4 20 5f c3 48
0x00007ffb156ec848:   8b cf e8 b1 5a 85 00 48 8b d0 48 85 c0 74 20 48
0x00007ffb156ec858:   8b c7 f0 48 0f b1 13 74 16 48 85 05 00 81 b9 00
0x00007ffb156ec868:   74 0d 48 8b c8 f0 48 0f b1 13 48 3b c1 75 ea 48
0x00007ffb156ec878:   8b 5c 24 30 48 8b c2 48 83 c4 20 5f c3 cc cc cc
0x00007ffb156ec888:   cc cc cc cc cc cc cc cc 4c 8b 01 4c 8b c9 48 8b
0x00007ffb156ec898:   0d f3 a2 b4 00 ba 64 60 08 00 e9 c9 f1 ff ff cc
0x00007ffb156ec8a8:   cc cc cc cc cc cc cc cc 8b 05 32 ea ae 00 c3 cc
0x00007ffb156ec8b8:   cc cc cc cc cc cc cc cc 0f b6 05 38 ab b5 00 48
0x00007ffb156ec8c8:   8b d1 84 c0 74 16 44 8b 41 08 8b 0d 10 ea ae 00
0x00007ffb156ec8d8:   49 d3 e0 4c 03 05 fe e9 ae 00 eb 04 4c 8b 41 08
0x00007ffb156ec8e8:   45 8b 50 08 45 85 d2 7e 0e 41 f6 c2 01 75 53 41
0x00007ffb156ec8f8:   c1 fa 03 41 8b c2 c3 79 49 84 c0 b9 10 00 00 00
0x00007ffb156ec908:   8b 05 16 f9 ae 00 41 b8 0c 00 00 00 41 0f 45 c8
0x00007ffb156ec918:   ff c8 4c 63 c8 48 63 14 11 41 8b ca 83 e1 3f 48
0x00007ffb156ec928:   d3 e2 41 8b ca 48 c1 f9 10 0f b6 c1 49 8d 0c 11
0x00007ffb156ec938:   49 f7 d1 48 03 c1 49 c1 e9 03 48 c1 e8 03 41 23
0x00007ffb156ec948:   c1 c3 49 8b 00 49 8b c8 48 ff a0 00 01 00 00 cc
0x00007ffb156ec958:   cc cc cc cc cc cc cc cc 8b 44 24 30 45 03 c9 44
0x00007ffb156ec968:   2b 4c 24 28 83 c0 0b 44 03 ca 45 03 c8 41 03 c1
0x00007ffb156ec978:   c3 cc cc cc cc cc cc cc 4c 8b ca 48 8b d1 45 8b
0x00007ffb156ec988:   41 08 45 85 c0 7e 0e 41 f6 c0 01 75 56 41 c1 f8
0x00007ffb156ec998:   03 41 8b c0 c3 79 4c 80 3d 59 aa b5 00 00 b8 0c
0x00007ffb156ec9a8:   00 00 00 b9 10 00 00 00 0f 45 c8 8b 05 6b f8 ae
0x00007ffb156ec9b8:   00 ff c8 4c 63 c8 48 63 14 11 41 8b c8 83 e1 3f
0x00007ffb156ec9c8:   48 d3 e2 41 8b c8 48 c1 f9 10 0f b6 c1 49 8d 0c
0x00007ffb156ec9d8:   11 49 f7 d1 48 03 c1 49 c1 e9 03 48 c1 e8 03 41 


Stack slot to memory mapping:
stack at sp + 0 slots: 0x00007ffb15d89d72 jvm.dll
stack at sp + 1 slots: 0x00000000c1420328 is an oop: jdk.internal.jimage.ImageLocation 
{0x00000000c1420328} - klass: 'jdk/internal/jimage/ImageLocation'
 - ---- fields (total size 3 words):
 - protected final 'attributes' '[J' @12  
[error occurred during error reporting (inspecting top of stack), id 0xc0000005, EXCEPTION_ACCESS_VIOLATION (0xc0000005) at pc=0x00007ffb15d42f53]


---------------  P R O C E S S  ---------------

Threads class SMR info:
_java_thread_list=0x00000132005bdc00, length=28, elements={
0x0000013265ce4230, 0x0000013279b02730, 0x0000013279b04480, 0x0000013279b2f310,
0x0000013279b2fbd0, 0x0000013279b30490, 0x0000013279b30d50, 0x0000013279b31940,
0x0000013279b6c150, 0x0000013279b6ce00, 0x000001327b582420, 0x000001327b813710,
0x000001327cc29b90, 0x000001327beb4b00, 0x000001327beb5580, 0x000001327cd19510,
0x000001327cdc76c0, 0x000001327b693aa0, 0x000001327c11b630, 0x000001327c11ac90,
0x000001327c11c4a0, 0x000001327c11bb00, 0x000001327c11a2f0, 0x000001327bd25a20,
0x000001327bd24bb0, 0x000001327bd25080, 0x000001327eb29560, 0x000001327c119480
}

Java Threads: ( => current thread )
  0x0000013265ce4230 JavaThread "main" [_thread_blocked, id=11200, stack(0x0000001e12500000,0x0000001e12600000)]
  0x0000013279b02730 JavaThread "Reference Handler" daemon [_thread_blocked, id=14424, stack(0x0000001e12800000,0x0000001e12900000)]
  0x0000013279b04480 JavaThread "Finalizer" daemon [_thread_blocked, id=10272, stack(0x0000001e12900000,0x0000001e12a00000)]
  0x0000013279b2f310 JavaThread "Signal Dispatcher" daemon [_thread_blocked, id=3320, stack(0x0000001e12a00000,0x0000001e12b00000)]
  0x0000013279b2fbd0 JavaThread "Attach Listener" daemon [_thread_blocked, id=15820, stack(0x0000001e12b00000,0x0000001e12c00000)]
  0x0000013279b30490 JavaThread "Service Thread" daemon [_thread_blocked, id=11028, stack(0x0000001e12c00000,0x0000001e12d00000)]
  0x0000013279b30d50 JavaThread "Monitor Deflation Thread" daemon [_thread_blocked, id=14108, stack(0x0000001e12d00000,0x0000001e12e00000)]
  0x0000013279b31940 JavaThread "C2 CompilerThread0" daemon [_thread_blocked, id=13224, stack(0x0000001e12e00000,0x0000001e12f00000)]
  0x0000013279b6c150 JavaThread "C1 CompilerThread0" daemon [_thread_blocked, id=9452, stack(0x0000001e12f00000,0x0000001e13000000)]
  0x0000013279b6ce00 JavaThread "Sweeper thread" daemon [_thread_blocked, id=5484, stack(0x0000001e13000000,0x0000001e13100000)]
  0x000001327b582420 JavaThread "Common-Cleaner" daemon [_thread_blocked, id=13564, stack(0x0000001e13100000,0x0000001e13200000)]
  0x000001327b813710 JavaThread "Notification Thread" daemon [_thread_blocked, id=12896, stack(0x0000001e13200000,0x0000001e13300000)]
  0x000001327cc29b90 JavaThread "Active Thread: Equinox Container: 676aaeff-74fc-4a7c-9bbb-07be2b61a7a4" [_thread_blocked, id=13264, stack(0x0000001e13800000,0x0000001e13900000)]
  0x000001327beb4b00 JavaThread "Framework Event Dispatcher: Equinox Container: 676aaeff-74fc-4a7c-9bbb-07be2b61a7a4" daemon [_thread_blocked, id=6348, stack(0x0000001e13900000,0x0000001e13a00000)]
  0x000001327beb5580 JavaThread "Start Level: Equinox Container: 676aaeff-74fc-4a7c-9bbb-07be2b61a7a4" daemon [_thread_blocked, id=4936, stack(0x0000001e13a00000,0x0000001e13b00000)]
  0x000001327cd19510 JavaThread "SCR Component Actor" daemon [_thread_blocked, id=252, stack(0x0000001e13b00000,0x0000001e13c00000)]
  0x000001327cdc76c0 JavaThread "Worker-JM" [_thread_blocked, id=11416, stack(0x0000001e13c00000,0x0000001e13d00000)]
  0x000001327b693aa0 JavaThread "Worker-1" [_thread_blocked, id=14024, stack(0x0000001e13e00000,0x0000001e13f00000)]
  0x000001327c11b630 JavaThread "Worker-2" [_thread_blocked, id=14880, stack(0x0000001e14000000,0x0000001e14100000)]
  0x000001327c11ac90 JavaThread "Java indexing" daemon [_thread_blocked, id=8948, stack(0x0000001e14100000,0x0000001e14200000)]
  0x000001327c11c4a0 JavaThread "JNA Cleaner" daemon [_thread_blocked, id=7432, stack(0x0000001e13700000,0x0000001e13800000)]
  0x000001327c11bb00 JavaThread "pool-2-thread-1" [_thread_blocked, id=948, stack(0x0000001e14300000,0x0000001e14400000)]
  0x000001327c11a2f0 JavaThread "pool-1-thread-1" [_thread_in_native, id=11636, stack(0x0000001e14500000,0x0000001e14600000)]
  0x000001327bd25a20 JavaThread "Bundle File Closer" daemon [_thread_blocked, id=16324, stack(0x0000001e14a00000,0x0000001e14b00000)]
  0x000001327bd24bb0 JavaThread "ForkJoinPool.commonPool-worker-10" daemon [_thread_blocked, id=16080, stack(0x0000001e12300000,0x0000001e12400000)]
  0x000001327bd25080 JavaThread "ForkJoinPool.commonPool-worker-11" daemon [_thread_blocked, id=9068, stack(0x0000001e12400000,0x0000001e12500000)]
  0x000001327eb29560 JavaThread "C2 CompilerThread1" daemon [_thread_in_native, id=15624, stack(0x0000001e13d00000,0x0000001e13e00000)]
  0x000001327c119480 JavaThread "ForkJoinPool.commonPool-worker-12" daemon [_thread_blocked, id=5828, stack(0x0000001e13f00000,0x0000001e14000000)]

Other Threads:
  0x0000013279aeba40 VMThread "VM Thread" [stack: 0x0000001e12700000,0x0000001e12800000] [id=15220]
  0x000001327b7d1ce0 WatcherThread [stack: 0x0000001e13300000,0x0000001e13400000] [id=2116]
  0x0000013265cf9e50 GCTaskThread "GC Thread#0" [stack: 0x0000001e12600000,0x0000001e12700000] [id=11420]
  0x000001327b90d0a0 GCTaskThread "GC Thread#1" [stack: 0x0000001e13400000,0x0000001e13500000] [id=5184]
=>0x000001327b90d350 GCTaskThread "GC Thread#2" [stack: 0x0000001e13500000,0x0000001e13600000] [id=10152]
  0x000001327b90e370 GCTaskThread "GC Thread#3" [stack: 0x0000001e13600000,0x0000001e13700000] [id=16148]

Threads with active compile tasks:
C2 CompilerThread0  39788300 10298       4       org.eclipse.jdt.internal.compiler.lookup.LookupEnvironment::getTypeFromTypeSignature (770 bytes)
C2 CompilerThread1  39788300 10285       4       lombok.core.AST::buildWithField (21 bytes)

VM state: at safepoint (normal execution)

VM Mutex/Monitor currently owned by a thread:  ([mutex/lock_event])
[0x0000013265ce0740] Threads_lock - owner thread: 0x0000013279aeba40
[0x0000013265ce1550] Heap_lock - owner thread: 0x000001327bd24bb0

Heap address: 0x00000000c0000000, size: 1024 MB, Compressed Oops mode: 32-bit

CDS archive(s) not mapped
Compressed class space mapped at: 0x0000000100000000-0x0000000140000000, reserved size: 1073741824
Narrow klass base: 0x0000000000000000, Narrow klass shift: 3, Narrow klass range: 0x140000000

GC Precious Log:
 CPUs: 4 total, 4 available
 Memory: 12171M
 Large Page Support: Disabled
 NUMA Support: Disabled
 Compressed Oops: Enabled (32-bit)
 Alignments: Space 512K, Generation 512K, Heap 2M
 Heap Min Capacity: 100M
 Heap Initial Capacity: 100M
 Heap Max Capacity: 1G
 Pre-touch: Disabled
 Parallel Workers: 4

Heap:
 PSYoungGen      total 5632K, used 3578K [0x00000000eab00000, 0x00000000ec300000, 0x0000000100000000)
  eden space 2048K, 0% used [0x00000000eab00000,0x00000000eab00000,0x00000000ead00000)
  from space 3584K, 99% used [0x00000000eb580000,0x00000000eb8fe900,0x00000000eb900000)
  to   space 8704K, 0% used [0x00000000ead00000,0x00000000ead00000,0x00000000eb580000)
 ParOldGen       total 120320K, used 119316K [0x00000000c0000000, 0x00000000c7580000, 0x00000000eab00000)
  object space 120320K, 99% used [0x00000000c0000000,0x00000000c74851e0,0x00000000c7580000)
 Metaspace       used 69372K, committed 70592K, reserved 1114112K
  class space    used 7134K, committed 7680K, reserved 1048576K

Card table byte_map: [0x00000132656c0000,0x00000132658d0000] _byte_map_base: 0x00000132650c0000

Marking Bits: (ParMarkBitMap*) 0x00007ffb16260dd0
 Begin Bits: [0x0000013277970000, 0x0000013278970000)
 End Bits:   [0x0000013278970000, 0x0000013279970000)

Polling page: 0x00000132654b0000

Metaspace:

Usage:
  Non-class:     60.78 MB used.
      Class:      6.97 MB used.
       Both:     67.75 MB used.

Virtual space:
  Non-class space:       64.00 MB reserved,      61.44 MB ( 96%) committed,  8 nodes.
      Class space:        1.00 GB reserved,       7.50 MB ( <1%) committed,  1 nodes.
             Both:        1.06 GB reserved,      68.94 MB (  6%) committed. 

Chunk freelists:
   Non-Class:  2.14 MB
       Class:  527.00 KB
        Both:  2.66 MB

MaxMetaspaceSize: unlimited
CompressedClassSpaceSize: 1.00 GB
Initial GC threshold: 21.00 MB
Current GC threshold: 112.00 MB
CDS: off
MetaspaceReclaimPolicy: balanced
 - commit_granule_bytes: 65536.
 - commit_granule_words: 8192.
 - virtual_space_node_default_size: 1048576.
 - enlarge_chunks_in_place: 1.
 - new_chunks_are_fully_committed: 0.
 - uncommit_free_chunks: 1.
 - use_allocation_guard: 0.
 - handle_deallocations: 1.


Internal statistics:

num_allocs_failed_limit: 9.
num_arena_births: 760.
num_arena_deaths: 14.
num_vsnodes_births: 9.
num_vsnodes_deaths: 0.
num_space_committed: 1103.
num_space_uncommitted: 0.
num_chunks_returned_to_freelist: 23.
num_chunks_taken_from_freelist: 3578.
num_chunk_merges: 13.
num_chunk_splits: 2250.
num_chunks_enlarged: 1321.
num_purges: 2.
num_inconsistent_stats: 0.

CodeHeap 'non-profiled nmethods': size=120000Kb used=6709Kb max_used=6709Kb free=113290Kb
 bounds [0x0000013270440000, 0x0000013270ad0000, 0x0000013277970000]
CodeHeap 'profiled nmethods': size=120000Kb used=20287Kb max_used=20287Kb free=99713Kb
 bounds [0x0000013268f10000, 0x000001326a2f0000, 0x0000013270440000]
CodeHeap 'non-nmethods': size=5760Kb used=1357Kb max_used=1435Kb free=4402Kb
 bounds [0x0000013268970000, 0x0000013268be0000, 0x0000013268f10000]
 total_blobs=9663 nmethods=8960 adapters=615
 compilation: enabled
              stopped_count=0, restarted_count=0
 full_count=0

Compilation events (20 events):
Event: 39788.116 Thread 0x0000013279b6c150 10352       3       java.util.TreeSet::iterator (15 bytes)
Event: 39788.116 Thread 0x0000013279b6c150 nmethod 10352 0x000001326a2db190 code [0x000001326a2db340, 0x000001326a2db5d8]
Event: 39788.118 Thread 0x0000013279b6c150 10353       3       org.eclipse.jdt.internal.compiler.util.HashtableOfObjectToInt::rehash (78 bytes)
Event: 39788.118 Thread 0x0000013279b6c150 nmethod 10353 0x000001326a2db710 code [0x000001326a2db8e0, 0x000001326a2dbc78]
Event: 39788.119 Thread 0x0000013279b6c150 10354  s    3       java.util.Hashtable::putAll (52 bytes)
Event: 39788.119 Thread 0x0000013279b6c150 nmethod 10354 0x000001326a2dbe90 code [0x000001326a2dc0c0, 0x000001326a2dc968]
Event: 39788.181 Thread 0x0000013279b6c150 10355       3       org.eclipse.core.runtime.SubMonitor::internalWorked (33 bytes)
Event: 39788.182 Thread 0x0000013279b6c150 nmethod 10355 0x000001326a2dcb90 code [0x000001326a2dcd60, 0x000001326a2dd188]
Event: 39788.182 Thread 0x0000013279b6c150 10356       3       org.eclipse.core.runtime.SubMonitor::newChild (194 bytes)
Event: 39788.183 Thread 0x0000013279b6c150 nmethod 10356 0x000001326a2dd390 code [0x000001326a2dd5a0, 0x000001326a2ddca8]
Event: 39788.185 Thread 0x0000013279b6c150 10357       3       org.eclipse.jdt.internal.compiler.ast.Annotation::<init> (15 bytes)
Event: 39788.186 Thread 0x0000013279b6c150 nmethod 10357 0x000001326a2ddf10 code [0x000001326a2de0c0, 0x000001326a2de378]
Event: 39788.187 Thread 0x0000013279b6c150 10358       3       org.eclipse.jdt.internal.compiler.parser.Parser::consumeAnnotationAsModifier (33 bytes)
Event: 39788.187 Thread 0x0000013279b6c150 nmethod 10358 0x000001326a2de490 code [0x000001326a2de620, 0x000001326a2de7b8]
Event: 39788.187 Thread 0x0000013279b6c150 10359       3       org.eclipse.jdt.internal.compiler.parser.Parser::getAnnotationType (116 bytes)
Event: 39788.188 Thread 0x0000013279b6c150 nmethod 10359 0x000001326a2de910 code [0x000001326a2deb20, 0x000001326a2df198]
Event: 39788.188 Thread 0x0000013279b6c150 10360       3       org.eclipse.jdt.internal.compiler.util.CharDeduplication::optimizedCurrentTokenSource5 (262 bytes)
Event: 39788.189 Thread 0x0000013279b6c150 nmethod 10360 0x000001326a2df410 code [0x000001326a2df660, 0x000001326a2e0208]
Event: 39788.190 Thread 0x0000013279b6c150 10361       3       org.eclipse.jdt.internal.compiler.parser.Parser::consumeStatementReturn (102 bytes)
Event: 39788.190 Thread 0x0000013279b6c150 nmethod 10361 0x000001326a2e0790 code [0x000001326a2e0980, 0x000001326a2e0e98]

GC Heap History (20 events):
Event: 2797.309 GC heap after
{Heap after GC invocations=60 (full 5):
 PSYoungGen      total 9216K, used 1562K [0x00000000eab00000, 0x00000000ebc80000, 0x0000000100000000)
  eden space 7168K, 0% used [0x00000000eab00000,0x00000000eab00000,0x00000000eb200000)
  from space 2048K, 76% used [0x00000000eb200000,0x00000000eb386900,0x00000000eb400000)
  to   space 4608K, 0% used [0x00000000eb800000,0x00000000eb800000,0x00000000ebc80000)
 ParOldGen       total 120320K, used 105723K [0x00000000c0000000, 0x00000000c7580000, 0x00000000eab00000)
  object space 120320K, 87% used [0x00000000c0000000,0x00000000c673ecd8,0x00000000c7580000)
 Metaspace       used 68185K, committed 69440K, reserved 1114112K
  class space    used 7030K, committed 7616K, reserved 1048576K
}
Event: 7472.025 GC heap before
{Heap before GC invocations=61 (full 5):
 PSYoungGen      total 9216K, used 8730K [0x00000000eab00000, 0x00000000ebc80000, 0x0000000100000000)
  eden space 7168K, 100% used [0x00000000eab00000,0x00000000eb200000,0x00000000eb200000)
  from space 2048K, 76% used [0x00000000eb200000,0x00000000eb386900,0x00000000eb400000)
  to   space 4608K, 0% used [0x00000000eb800000,0x00000000eb800000,0x00000000ebc80000)
 ParOldGen       total 120320K, used 105723K [0x00000000c0000000, 0x00000000c7580000, 0x00000000eab00000)
  object space 120320K, 87% used [0x00000000c0000000,0x00000000c673ecd8,0x00000000c7580000)
 Metaspace       used 68653K, committed 69824K, reserved 1114112K
  class space    used 7074K, committed 7616K, reserved 1048576K
}
Event: 7472.029 GC heap after
{Heap after GC invocations=61 (full 5):
 PSYoungGen      total 8192K, used 602K [0x00000000eab00000, 0x00000000eb900000, 0x0000000100000000)
  eden space 7168K, 0% used [0x00000000eab00000,0x00000000eab00000,0x00000000eb200000)
  from space 1024K, 58% used [0x00000000eb800000,0x00000000eb896900,0x00000000eb900000)
  to   space 1536K, 0% used [0x00000000eb600000,0x00000000eb600000,0x00000000eb780000)
 ParOldGen       total 120320K, used 107210K [0x00000000c0000000, 0x00000000c7580000, 0x00000000eab00000)
  object space 120320K, 89% used [0x00000000c0000000,0x00000000c68b2be8,0x00000000c7580000)
 Metaspace       used 68653K, committed 69824K, reserved 1114112K
  class space    used 7074K, committed 7616K, reserved 1048576K
}
Event: 10488.914 GC heap before
{Heap before GC invocations=62 (full 5):
 PSYoungGen      total 8192K, used 7770K [0x00000000eab00000, 0x00000000eb900000, 0x0000000100000000)
  eden space 7168K, 99% used [0x00000000eab00000,0x00000000eb1ffff0,0x00000000eb200000)
  from space 1024K, 58% used [0x00000000eb800000,0x00000000eb896900,0x00000000eb900000)
  to   space 1536K, 0% used [0x00000000eb600000,0x00000000eb600000,0x00000000eb780000)
 ParOldGen       total 120320K, used 107210K [0x00000000c0000000, 0x00000000c7580000, 0x00000000eab00000)
  object space 120320K, 89% used [0x00000000c0000000,0x00000000c68b2be8,0x00000000c7580000)
 Metaspace       used 68988K, committed 70208K, reserved 1114112K
  class space    used 7101K, committed 7680K, reserved 1048576K
}
Event: 10488.917 GC heap after
{Heap after GC invocations=62 (full 5):
 PSYoungGen      total 8704K, used 698K [0x00000000eab00000, 0x00000000eb880000, 0x0000000100000000)
  eden space 7168K, 0% used [0x00000000eab00000,0x00000000eab00000,0x00000000eb200000)
  from space 1536K, 45% used [0x00000000eb600000,0x00000000eb6ae900,0x00000000eb780000)
  to   space 1024K, 0% used [0x00000000eb780000,0x00000000eb780000,0x00000000eb880000)
 ParOldGen       total 120320K, used 107726K [0x00000000c0000000, 0x00000000c7580000, 0x00000000eab00000)
  object space 120320K, 89% used [0x00000000c0000000,0x00000000c6933a90,0x00000000c7580000)
 Metaspace       used 68988K, committed 70208K, reserved 1114112K
  class space    used 7101K, committed 7680K, reserved 1048576K
}
Event: 10488.968 GC heap before
{Heap before GC invocations=63 (full 5):
 PSYoungGen      total 8704K, used 7866K [0x00000000eab00000, 0x00000000eb880000, 0x0000000100000000)
  eden space 7168K, 100% used [0x00000000eab00000,0x00000000eb200000,0x00000000eb200000)
  from space 1536K, 45% used [0x00000000eb600000,0x00000000eb6ae900,0x00000000eb780000)
  to   space 1024K, 0% used [0x00000000eb780000,0x00000000eb780000,0x00000000eb880000)
 ParOldGen       total 120320K, used 107726K [0x00000000c0000000, 0x00000000c7580000, 0x00000000eab00000)
  object space 120320K, 89% used [0x00000000c0000000,0x00000000c6933a90,0x00000000c7580000)
 Metaspace       used 68994K, committed 70208K, reserved 1114112K
  class space    used 7102K, committed 7680K, reserved 1048576K
}
Event: 10488.972 GC heap after
{Heap after GC invocations=63 (full 5):
 PSYoungGen      total 8192K, used 1017K [0x00000000eab00000, 0x00000000eb900000, 0x0000000100000000)
  eden space 7168K, 0% used [0x00000000eab00000,0x00000000eab00000,0x00000000eb200000)
  from space 1024K, 99% used [0x00000000eb780000,0x00000000eb87e458,0x00000000eb880000)
  to   space 3584K, 0% used [0x00000000eb200000,0x00000000eb200000,0x00000000eb580000)
 ParOldGen       total 120320K, used 109436K [0x00000000c0000000, 0x00000000c7580000, 0x00000000eab00000)
  object space 120320K, 90% used [0x00000000c0000000,0x00000000c6adf1b0,0x00000000c7580000)
 Metaspace       used 68994K, committed 70208K, reserved 1114112K
  class space    used 7102K, committed 7680K, reserved 1048576K
}
Event: 10489.029 GC heap before
{Heap before GC invocations=64 (full 5):
 PSYoungGen      total 8192K, used 8185K [0x00000000eab00000, 0x00000000eb900000, 0x0000000100000000)
  eden space 7168K, 100% used [0x00000000eab00000,0x00000000eb200000,0x00000000eb200000)
  from space 1024K, 99% used [0x00000000eb780000,0x00000000eb87e458,0x00000000eb880000)
  to   space 3584K, 0% used [0x00000000eb200000,0x00000000eb200000,0x00000000eb580000)
 ParOldGen       total 120320K, used 109436K [0x00000000c0000000, 0x00000000c7580000, 0x00000000eab00000)
  object space 120320K, 90% used [0x00000000c0000000,0x00000000c6adf1b0,0x00000000c7580000)
 Metaspace       used 68995K, committed 70208K, reserved 1114112K
  class space    used 7102K, committed 7680K, reserved 1048576K
}
Event: 10489.032 GC heap after
{Heap after GC invocations=64 (full 5):
 PSYoungGen      total 10752K, used 1656K [0x00000000eab00000, 0x00000000eb800000, 0x0000000100000000)
  eden space 7168K, 0% used [0x00000000eab00000,0x00000000eab00000,0x00000000eb200000)
  from space 3584K, 46% used [0x00000000eb200000,0x00000000eb39e118,0x00000000eb580000)
  to   space 2048K, 0% used [0x00000000eb600000,0x00000000eb600000,0x00000000eb800000)
 ParOldGen       total 120320K, used 110460K [0x00000000c0000000, 0x00000000c7580000, 0x00000000eab00000)
  object space 120320K, 91% used [0x00000000c0000000,0x00000000c6bdf100,0x00000000c7580000)
 Metaspace       used 68995K, committed 70208K, reserved 1114112K
  class space    used 7102K, committed 7680K, reserved 1048576K
}
Event: 10489.094 GC heap before
{Heap before GC invocations=65 (full 5):
 PSYoungGen      total 10752K, used 8809K [0x00000000eab00000, 0x00000000eb800000, 0x0000000100000000)
  eden space 7168K, 99% used [0x00000000eab00000,0x00000000eb1fc3d0,0x00000000eb200000)
  from space 3584K, 46% used [0x00000000eb200000,0x00000000eb39e118,0x00000000eb580000)
  to   space 2048K, 0% used [0x00000000eb600000,0x00000000eb600000,0x00000000eb800000)
 ParOldGen       total 120320K, used 110460K [0x00000000c0000000, 0x00000000c7580000, 0x00000000eab00000)
  object space 120320K, 91% used [0x00000000c0000000,0x00000000c6bdf100,0x00000000c7580000)
 Metaspace       used 69001K, committed 70272K, reserved 1114112K
  class space    used 7102K, committed 7680K, reserved 1048576K
}
Event: 10489.098 GC heap after
{Heap after GC invocations=65 (full 5):
 PSYoungGen      total 9216K, used 2031K [0x00000000eab00000, 0x00000000eb800000, 0x0000000100000000)
  eden space 7168K, 0% used [0x00000000eab00000,0x00000000eab00000,0x00000000eb200000)
  from space 2048K, 99% used [0x00000000eb600000,0x00000000eb7fbdc0,0x00000000eb800000)
  to   space 2560K, 0% used [0x00000000eb300000,0x00000000eb300000,0x00000000eb580000)
 ParOldGen       total 120320K, used 112072K [0x00000000c0000000, 0x00000000c7580000, 0x00000000eab00000)
  object space 120320K, 93% used [0x00000000c0000000,0x00000000c6d72030,0x00000000c7580000)
 Metaspace       used 69001K, committed 70272K, reserved 1114112K
  class space    used 7102K, committed 7680K, reserved 1048576K
}
Event: 39787.542 GC heap before
{Heap before GC invocations=66 (full 5):
 PSYoungGen      total 9216K, used 9199K [0x00000000eab00000, 0x00000000eb800000, 0x0000000100000000)
  eden space 7168K, 100% used [0x00000000eab00000,0x00000000eb200000,0x00000000eb200000)
  from space 2048K, 99% used [0x00000000eb600000,0x00000000eb7fbdc0,0x00000000eb800000)
  to   space 2560K, 0% used [0x00000000eb300000,0x00000000eb300000,0x00000000eb580000)
 ParOldGen       total 120320K, used 112072K [0x00000000c0000000, 0x00000000c7580000, 0x00000000eab00000)
  object space 120320K, 93% used [0x00000000c0000000,0x00000000c6d72030,0x00000000c7580000)
 Metaspace       used 69206K, committed 70464K, reserved 1114112K
  class space    used 7134K, committed 7680K, reserved 1048576K
}
Event: 39787.547 GC heap after
{Heap after GC invocations=66 (full 5):
 PSYoungGen      total 8704K, used 1308K [0x00000000eab00000, 0x00000000eb680000, 0x0000000100000000)
  eden space 7168K, 0% used [0x00000000eab00000,0x00000000eab00000,0x00000000eb200000)
  from space 1536K, 85% used [0x00000000eb300000,0x00000000eb447218,0x00000000eb480000)
  to   space 2048K, 0% used [0x00000000eb480000,0x00000000eb480000,0x00000000eb680000)
 ParOldGen       total 120320K, used 112432K [0x00000000c0000000, 0x00000000c7580000, 0x00000000eab00000)
  object space 120320K, 93% used [0x00000000c0000000,0x00000000c6dcc030,0x00000000c7580000)
 Metaspace       used 69206K, committed 70464K, reserved 1114112K
  class space    used 7134K, committed 7680K, reserved 1048576K
}
Event: 39787.608 GC heap before
{Heap before GC invocations=67 (full 5):
 PSYoungGen      total 8704K, used 8476K [0x00000000eab00000, 0x00000000eb680000, 0x0000000100000000)
  eden space 7168K, 99% used [0x00000000eab00000,0x00000000eb1fffe8,0x00000000eb200000)
  from space 1536K, 85% used [0x00000000eb300000,0x00000000eb447218,0x00000000eb480000)
  to   space 2048K, 0% used [0x00000000eb480000,0x00000000eb480000,0x00000000eb680000)
 ParOldGen       total 120320K, used 112432K [0x00000000c0000000, 0x00000000c7580000, 0x00000000eab00000)
  object space 120320K, 93% used [0x00000000c0000000,0x00000000c6dcc030,0x00000000c7580000)
 Metaspace       used 69213K, committed 70464K, reserved 1114112K
  class space    used 7134K, committed 7680K, reserved 1048576K
}
Event: 39787.611 GC heap after
{Heap after GC invocations=67 (full 5):
 PSYoungGen      total 7680K, used 218K [0x00000000eab00000, 0x00000000eb500000, 0x0000000100000000)
  eden space 7168K, 0% used [0x00000000eab00000,0x00000000eab00000,0x00000000eb200000)
  from space 512K, 42% used [0x00000000eb480000,0x00000000eb4b6900,0x00000000eb500000)
  to   space 1024K, 0% used [0x00000000eb300000,0x00000000eb300000,0x00000000eb400000)
 ParOldGen       total 120320K, used 113646K [0x00000000c0000000, 0x00000000c7580000, 0x00000000eab00000)
  object space 120320K, 94% used [0x00000000c0000000,0x00000000c6efbbd0,0x00000000c7580000)
 Metaspace       used 69213K, committed 70464K, reserved 1114112K
  class space    used 7134K, committed 7680K, reserved 1048576K
}
Event: 39788.125 GC heap before
{Heap before GC invocations=68 (full 5):
 PSYoungGen      total 7680K, used 7386K [0x00000000eab00000, 0x00000000eb500000, 0x0000000100000000)
  eden space 7168K, 100% used [0x00000000eab00000,0x00000000eb200000,0x00000000eb200000)
  from space 512K, 42% used [0x00000000eb480000,0x00000000eb4b6900,0x00000000eb500000)
  to   space 1024K, 0% used [0x00000000eb300000,0x00000000eb300000,0x00000000eb400000)
 ParOldGen       total 120320K, used 113646K [0x00000000c0000000, 0x00000000c7580000, 0x00000000eab00000)
  object space 120320K, 94% used [0x00000000c0000000,0x00000000c6efbbd0,0x00000000c7580000)
 Metaspace       used 69369K, committed 70592K, reserved 1114112K
  class space    used 7134K, committed 7680K, reserved 1048576K
}
Event: 39788.129 GC heap after
{Heap after GC invocations=68 (full 5):
 PSYoungGen      total 8192K, used 1008K [0x00000000eab00000, 0x00000000eb900000, 0x0000000100000000)
  eden space 7168K, 0% used [0x00000000eab00000,0x00000000eab00000,0x00000000eb200000)
  from space 1024K, 98% used [0x00000000eb300000,0x00000000eb3fc070,0x00000000eb400000)
  to   space 3584K, 0% used [0x00000000eb580000,0x00000000eb580000,0x00000000eb900000)
 ParOldGen       total 120320K, used 115486K [0x00000000c0000000, 0x00000000c7580000, 0x00000000eab00000)
  object space 120320K, 95% used [0x00000000c0000000,0x00000000c70c7a70,0x00000000c7580000)
 Metaspace       used 69369K, committed 70592K, reserved 1114112K
  class space    used 7134K, committed 7680K, reserved 1048576K
}
Event: 39788.194 GC heap before
{Heap before GC invocations=69 (full 5):
 PSYoungGen      total 8192K, used 8176K [0x00000000eab00000, 0x00000000eb900000, 0x0000000100000000)
  eden space 7168K, 100% used [0x00000000eab00000,0x00000000eb200000,0x00000000eb200000)
  from space 1024K, 98% used [0x00000000eb300000,0x00000000eb3fc070,0x00000000eb400000)
  to   space 3584K, 0% used [0x00000000eb580000,0x00000000eb580000,0x00000000eb900000)
 ParOldGen       total 120320K, used 115486K [0x00000000c0000000, 0x00000000c7580000, 0x00000000eab00000)
  object space 120320K, 95% used [0x00000000c0000000,0x00000000c70c7a70,0x00000000c7580000)
 Metaspace       used 69372K, committed 70592K, reserved 1114112K
  class space    used 7134K, committed 7680K, reserved 1048576K
}
Event: 39788.202 GC heap after
{Heap after GC invocations=69 (full 5):
 PSYoungGen      total 5632K, used 3578K [0x00000000eab00000, 0x00000000ec300000, 0x0000000100000000)
  eden space 2048K, 0% used [0x00000000eab00000,0x00000000eab00000,0x00000000ead00000)
  from space 3584K, 99% used [0x00000000eb580000,0x00000000eb8fe900,0x00000000eb900000)
  to   space 8704K, 0% used [0x00000000ead00000,0x00000000ead00000,0x00000000eb580000)
 ParOldGen       total 120320K, used 119316K [0x00000000c0000000, 0x00000000c7580000, 0x00000000eab00000)
  object space 120320K, 99% used [0x00000000c0000000,0x00000000c74851e0,0x00000000c7580000)
 Metaspace       used 69372K, committed 70592K, reserved 1114112K
  class space    used 7134K, committed 7680K, reserved 1048576K
}
Event: 39788.202 GC heap before
{Heap before GC invocations=70 (full 6):
 PSYoungGen      total 5632K, used 3578K [0x00000000eab00000, 0x00000000ec300000, 0x0000000100000000)
  eden space 2048K, 0% used [0x00000000eab00000,0x00000000eab00000,0x00000000ead00000)
  from space 3584K, 99% used [0x00000000eb580000,0x00000000eb8fe900,0x00000000eb900000)
  to   space 8704K, 0% used [0x00000000ead00000,0x00000000ead00000,0x00000000eb580000)
 ParOldGen       total 120320K, used 119316K [0x00000000c0000000, 0x00000000c7580000, 0x00000000eab00000)
  object space 120320K, 99% used [0x00000000c0000000,0x00000000c74851e0,0x00000000c7580000)
 Metaspace       used 69372K, committed 70592K, reserved 1114112K
  class space    used 7134K, committed 7680K, reserved 1048576K
}

Dll operation events (10 events):
Event: 0.012 Loaded shared library c:\Users\ADMIN\.vscode\extensions\redhat.java-1.13.0-win32-x64\jre\17.0.5-win32-x86_64\bin\java.dll
Event: 0.749 Loaded shared library c:\Users\ADMIN\.vscode\extensions\redhat.java-1.13.0-win32-x64\jre\17.0.5-win32-x86_64\bin\zip.dll
Event: 0.754 Loaded shared library C:\Users\ADMIN\.vscode\extensions\redhat.java-1.13.0-win32-x64\jre\17.0.5-win32-x86_64\bin\instrument.dll
Event: 0.868 Loaded shared library C:\Users\ADMIN\.vscode\extensions\redhat.java-1.13.0-win32-x64\jre\17.0.5-win32-x86_64\bin\net.dll
Event: 0.871 Loaded shared library C:\Users\ADMIN\.vscode\extensions\redhat.java-1.13.0-win32-x64\jre\17.0.5-win32-x86_64\bin\nio.dll
Event: 0.942 Loaded shared library C:\Users\ADMIN\.vscode\extensions\redhat.java-1.13.0-win32-x64\jre\17.0.5-win32-x86_64\bin\zip.dll
Event: 0.973 Loaded shared library C:\Users\ADMIN\.vscode\extensions\redhat.java-1.13.0-win32-x64\jre\17.0.5-win32-x86_64\bin\jimage.dll
Event: 1.131 Loaded shared library c:\Users\ADMIN\.vscode\extensions\redhat.java-1.13.0-win32-x64\jre\17.0.5-win32-x86_64\bin\verify.dll
Event: 4.520 Loaded shared library C:\Users\ADMIN\AppData\Roaming\Code\User\globalStorage\redhat.java\1.13.0\config_win\org.eclipse.equinox.launcher\org.eclipse.equinox.launcher.win32.win32.x86_64_1.2.600.v20220720-1916\eclipse_11700.dll
Event: 19.424 Loaded shared library C:\Users\ADMIN\AppData\Local\Temp\jna-62130991\jna10823455055572832866.dll

Deoptimization events (20 events):
Event: 10488.951 Thread 0x000001327bd233a0 DEOPT PACKING pc=0x0000013270935504 sp=0x0000001e123fe020
Event: 10488.952 Thread 0x000001327bd233a0 DEOPT UNPACKING pc=0x00000132689c20a3 sp=0x0000001e123fde08 mode 2
Event: 10489.112 Thread 0x000001327bd233a0 Uncommon trap: trap_request=0xffffff45 fr.pc=0x00000132707ecd58 relative=0x0000000000000298
Event: 10489.112 Thread 0x000001327bd233a0 Uncommon trap: reason=unstable_if action=reinterpret pc=0x00000132707ecd58 method=org.eclipse.jdt.core.compiler.CharOperation.equals([C[CZ)Z @ 1 c2
Event: 10489.112 Thread 0x000001327bd233a0 DEOPT PACKING pc=0x00000132707ecd58 sp=0x0000001e123fe350
Event: 10489.112 Thread 0x000001327bd233a0 DEOPT UNPACKING pc=0x00000132689c20a3 sp=0x0000001e123fe308 mode 2
Event: 10489.212 Thread 0x000001327bd233a0 Uncommon trap: trap_request=0xffffff45 fr.pc=0x000001327092498c relative=0x000000000000032c
Event: 10489.212 Thread 0x000001327bd233a0 Uncommon trap: reason=unstable_if action=reinterpret pc=0x000001327092498c method=java.io.WinNTFileSystem.prefixLength(Ljava/lang/String;)I @ 42 c2
Event: 10489.212 Thread 0x000001327bd233a0 DEOPT PACKING pc=0x000001327092498c sp=0x0000001e123fee30
Event: 10489.212 Thread 0x000001327bd233a0 DEOPT UNPACKING pc=0x00000132689c20a3 sp=0x0000001e123fed38 mode 2
Event: 10489.230 Thread 0x000001327bd233a0 Uncommon trap: trap_request=0xffffffc6 fr.pc=0x0000013270a85a24 relative=0x0000000000008ce4
Event: 10489.230 Thread 0x000001327bd233a0 Uncommon trap: reason=bimorphic_or_optimized_type_check action=maybe_recompile pc=0x0000013270a85a24 method=org.eclipse.jdt.internal.core.JavaElement.openWhenClosed(Ljava/lang/Object;ZLorg/eclipse/core/runtime/IProgressMonitor;)Ljava/lang/Object; @ 74 c2
Event: 10489.230 Thread 0x000001327bd233a0 DEOPT PACKING pc=0x0000013270a85a24 sp=0x0000001e123fe970
Event: 10489.230 Thread 0x000001327bd233a0 DEOPT UNPACKING pc=0x00000132689c20a3 sp=0x0000001e123fe928 mode 2
Event: 39787.528 Thread 0x000001327bd24bb0 Uncommon trap: trap_request=0xffffffc6 fr.pc=0x0000013270887f24 relative=0x0000000000000b64
Event: 39787.528 Thread 0x000001327bd24bb0 Uncommon trap: reason=bimorphic_or_optimized_type_check action=maybe_recompile pc=0x0000013270887f24 method=java.util.concurrent.ConcurrentHashMap.putAll(Ljava/util/Map;)V @ 23 c2
Event: 39787.528 Thread 0x000001327bd24bb0 DEOPT PACKING pc=0x0000013270887f24 sp=0x0000001e123fefc0
Event: 39787.528 Thread 0x000001327bd24bb0 DEOPT UNPACKING pc=0x00000132689c20a3 sp=0x0000001e123fef70 mode 2
Event: 39788.130 Thread 0x000001327bd24bb0 DEOPT PACKING pc=0x000001326a0659d2 sp=0x0000001e123fde90
Event: 39788.130 Thread 0x000001327bd24bb0 DEOPT UNPACKING pc=0x00000132689c2843 sp=0x0000001e123fd3e8 mode 0

Classes unloaded (7 events):
Event: 7.186 Thread 0x0000013279aeba40 Unloading class 0x000000010021e000 'java/lang/invoke/LambdaForm$MH+0x000000010021e000'
Event: 7.186 Thread 0x0000013279aeba40 Unloading class 0x000000010021dc00 'java/lang/invoke/LambdaForm$MH+0x000000010021dc00'
Event: 7.186 Thread 0x0000013279aeba40 Unloading class 0x000000010021d800 'java/lang/invoke/LambdaForm$MH+0x000000010021d800'
Event: 7.186 Thread 0x0000013279aeba40 Unloading class 0x000000010021d000 'java/lang/invoke/LambdaForm$MH+0x000000010021d000'
Event: 7.186 Thread 0x0000013279aeba40 Unloading class 0x000000010021cc00 'java/lang/invoke/LambdaForm$BMH+0x000000010021cc00'
Event: 7.186 Thread 0x0000013279aeba40 Unloading class 0x000000010021c800 'java/lang/invoke/LambdaForm$DMH+0x000000010021c800'
Event: 7.186 Thread 0x0000013279aeba40 Unloading class 0x000000010021a000 'java/lang/invoke/LambdaForm$DMH+0x000000010021a000'

Classes redefined (0 events):
No events

Internal exceptions (20 events):
Event: 45.673 Thread 0x000001327c118fb0 Exception <a 'java/io/FileNotFoundException'{0x00000000eb543db8}> (0x00000000eb543db8) 
thrown [s\src\hotspot\share\prims\jni.cpp, line 516]
Event: 45.998 Thread 0x000001327c118fb0 Implicit null exception at 0x00000132708a682c to 0x00000132708a69cc
Event: 46.324 Thread 0x000001327c118fb0 Implicit null exception at 0x00000132707639db to 0x00000132707646b8
Event: 48.206 Thread 0x000001327c119480 Exception <a 'java/lang/NoSuchMethodError'{0x00000000eb4f57e0}: 'int java.lang.invoke.DirectMethodHandle$Holder.invokeStatic(java.lang.Object, java.lang.Object, java.lang.Object, int)'> (0x00000000eb4f57e0) 
thrown [s\src\hotspot\share\interpreter\linkResolver.cpp, line 759]
Event: 48.280 Thread 0x000001327c119480 Exception <a 'java/lang/NoSuchMethodError'{0x00000000eb828118}: 'int java.lang.invoke.DirectMethodHandle$Holder.invokeSpecialIFC(java.lang.Object, java.lang.Object, java.lang.Object)'> (0x00000000eb828118) 
thrown [s\src\hotspot\share\interpreter\linkResolver.cpp, line 759]
Event: 48.515 Thread 0x000001327c119480 Exception <a 'java/io/FileNotFoundException'{0x00000000ebd6f958}> (0x00000000ebd6f958) 
thrown [s\src\hotspot\share\prims\jni.cpp, line 516]
Event: 49.470 Thread 0x000001327c119480 Exception <a 'java/lang/NoSuchMethodError'{0x00000000eb806b78}: 'int java.lang.invoke.DirectMethodHandle$Holder.invokeStatic(java.lang.Object, int, java.lang.Object)'> (0x00000000eb806b78) 
thrown [s\src\hotspot\share\interpreter\linkResolver.cpp, line 759]
Event: 50.264 Thread 0x000001327c11bfd0 Implicit null exception at 0x00000132707cc221 to 0x00000132707cc35c
Event: 51.413 Thread 0x000001327b693aa0 Exception <a 'java/io/FileNotFoundException'{0x00000000eabf80e0}> (0x00000000eabf80e0) 
thrown [s\src\hotspot\share\prims\jni.cpp, line 516]
Event: 51.567 Thread 0x000001327b693aa0 Exception <a 'java/lang/NoSuchMethodError'{0x00000000eaf2aa98}: 'void java.lang.invoke.DirectMethodHandle$Holder.invokeSpecial(java.lang.Object, java.lang.Object, java.lang.Object, java.lang.Object, java.lang.Object)'> (0x00000000eaf2aa98) 
thrown [s\src\hotspot\share\interpreter\linkResolver.cpp, line 759]
Event: 52.470 Thread 0x000001327bd25a20 Implicit null exception at 0x0000013270951897 to 0x0000013270951bd8
Event: 52.553 Thread 0x000001327bd246e0 Exception <a 'java/lang/NoSuchMethodError'{0x00000000eae8aad8}: 'java.lang.Object java.lang.invoke.DirectMethodHandle$Holder.invokeStatic(java.lang.Object, int, java.lang.Object)'> (0x00000000eae8aad8) 
thrown [s\src\hotspot\share\interpreter\linkResolver.cpp, line 759]
Event: 52.564 Thread 0x000001327bd246e0 Exception <a 'java/lang/ClassNotFoundException'{0x00000000eaed29e8}: sun/util/logging/resources/spi/loggingProvider> (0x00000000eaed29e8) 
thrown [s\src\hotspot\share\classfile\systemDictionary.cpp, line 256]
Event: 53.234 Thread 0x000001327c118fb0 Exception <a 'java/lang/NoSuchMethodError'{0x00000000eaf9dad8}: 'void java.lang.invoke.DirectMethodHandle$Holder.invokeVirtual(java.lang.Object, java.lang.Object)'> (0x00000000eaf9dad8) 
thrown [s\src\hotspot\share\interpreter\linkResolver.cpp, line 759]
Event: 54.452 Thread 0x000001327c118fb0 Exception <a 'java/lang/NoSuchMethodError'{0x00000000eb20ed28}: 'int java.lang.invoke.DirectMethodHandle$Holder.invokeSpecialIFC(java.lang.Object, java.lang.Object, java.lang.Object, java.lang.Object)'> (0x00000000eb20ed28) 
thrown [s\src\hotspot\share\interpreter\linkResolver.cpp, line 759]
Event: 333.237 Thread 0x000001327b693aa0 Exception <a 'java/lang/NoSuchMethodError'{0x00000000eb3b5eb0}: static [J.<clinit>()V> (0x00000000eb3b5eb0) 
thrown [s\src\hotspot\share\prims\jni.cpp, line 1107]
Event: 333.244 Thread 0x000001327b693aa0 Exception <a 'java/lang/NoSuchMethodError'{0x00000000eb3e1fe0}: 'java.lang.Object java.lang.invoke.DirectMethodHandle$Holder.newInvokeSpecial(java.lang.Object, java.lang.Object, java.lang.Object, java.lang.Object, java.lang.Object, java.lang.Object, java.lang.Object, java.lang.Object)'> (0x00000000eb3e1fe0) 
thrown [s\src\hotspot\share\interpreter\linkResolver.cpp, line 759]
Event: 333.244 Thread 0x000001327b693aa0 Exception <a 'java/lang/NoSuchMethodError'{0x00000000eb3e6798}: 'java.lang.Object java.lang.invoke.Invokers$Holder.linkToTargetMethod(java.lang.Object, java.lang.Object, java.lang.Object, java.lang.Object, java.lang.Object, java.lang.Object, java.lang.Object, java.lang.Object)'> (0x00000000eb3e6798) 
thrown [s\src\hotspot\share\interpreter\linkResolver.cpp, line 759]
Event: 723.576 Thread 0x000001327bd24bb0 Exception <a 'sun/nio/fs/WindowsException'{0x00000000eb72e0e0}> (0x00000000eb72e0e0) 
thrown [s\src\hotspot\share\prims\jni.cpp, line 516]
Event: 10488.872 Thread 0x000001327bd233a0 Implicit null exception at 0x00000132706f9c79 to 0x00000132706fa394

VM Operations (20 events):
Event: 10488.972 Executing VM operation: ParallelGCFailedAllocation done
Event: 10489.029 Executing VM operation: ParallelGCFailedAllocation
Event: 10489.032 Executing VM operation: ParallelGCFailedAllocation done
Event: 10489.094 Executing VM operation: ParallelGCFailedAllocation
Event: 10489.098 Executing VM operation: ParallelGCFailedAllocation done
Event: 10489.108 Executing VM operation: HandshakeAllThreads
Event: 10489.108 Executing VM operation: HandshakeAllThreads done
Event: 10490.123 Executing VM operation: Cleanup
Event: 10490.124 Executing VM operation: Cleanup done
Event: 39786.826 Executing VM operation: Cleanup
Event: 39786.827 Executing VM operation: Cleanup done
Event: 39787.541 Executing VM operation: ParallelGCFailedAllocation
Event: 39787.547 Executing VM operation: ParallelGCFailedAllocation done
Event: 39787.548 Executing VM operation: HandshakeAllThreads
Event: 39787.548 Executing VM operation: HandshakeAllThreads done
Event: 39787.607 Executing VM operation: ParallelGCFailedAllocation
Event: 39787.611 Executing VM operation: ParallelGCFailedAllocation done
Event: 39788.125 Executing VM operation: ParallelGCFailedAllocation
Event: 39788.129 Executing VM operation: ParallelGCFailedAllocation done
Event: 39788.194 Executing VM operation: ParallelGCFailedAllocation

Events (20 events):
Event: 10488.869 Thread 0x000001327bd25080 Thread added: 0x000001327bd25080
Event: 10488.951 Thread 0x0000013200ff9de0 Thread added: 0x0000013200ff9de0
Event: 10489.138 loading class java/nio/file/Files$2
Event: 10489.138 loading class java/nio/file/Files$2 done
Event: 10494.436 Thread 0x0000013200ff9de0 Thread exited: 0x0000013200ff9de0
Event: 10549.242 Thread 0x000001327bd233a0 Thread exited: 0x000001327bd233a0
Event: 10609.255 Thread 0x000001327bd25080 Thread exited: 0x000001327bd25080
Event: 39786.743 Thread 0x000001327bd24bb0 Thread added: 0x000001327bd24bb0
Event: 39787.527 Thread 0x000001327bd25080 Thread added: 0x000001327bd25080
Event: 39787.559 Thread 0x0000013279b6ce00 flushing nmethod 0x0000013268f27e90
Event: 39787.561 Thread 0x0000013279b6ce00 flushing nmethod 0x0000013269075690
Event: 39787.564 Thread 0x0000013279b6ce00 flushing nmethod 0x00000132691c6190
Event: 39787.566 Thread 0x0000013279b6ce00 flushing nmethod 0x0000013269339590
Event: 39787.567 Thread 0x0000013279b6ce00 flushing nmethod 0x0000013269341990
Event: 39787.571 Thread 0x0000013279b6ce00 flushing nmethod 0x00000132695d0b10
Event: 39787.573 Thread 0x0000013279b6ce00 flushing nmethod 0x00000132696c4f90
Event: 39787.576 Thread 0x0000013279b6ce00 flushing nmethod 0x00000132698b6190
Event: 39787.585 Thread 0x0000013279b6ce00 flushing nmethod 0x0000013269e46510
Event: 39787.623 Thread 0x000001327eb29560 Thread added: 0x000001327eb29560
Event: 39788.114 Thread 0x000001327c119480 Thread added: 0x000001327c119480


Dynamic libraries:
0x00007ff6a8a90000 - 0x00007ff6a8a9e000 	c:\Users\ADMIN\.vscode\extensions\redhat.java-1.13.0-win32-x64\jre\17.0.5-win32-x86_64\bin\java.exe
0x00007ffb620f0000 - 0x00007ffb622e8000 	C:\WINDOWS\SYSTEM32\ntdll.dll
0x00007ffb61360000 - 0x00007ffb6141f000 	C:\WINDOWS\System32\KERNEL32.DLL
0x00007ffb5fa30000 - 0x00007ffb5fd02000 	C:\WINDOWS\System32\KERNELBASE.dll
0x00007ffb5fd10000 - 0x00007ffb5fe10000 	C:\WINDOWS\System32\ucrtbase.dll
0x00007ffb4db50000 - 0x00007ffb4db67000 	c:\Users\ADMIN\.vscode\extensions\redhat.java-1.13.0-win32-x64\jre\17.0.5-win32-x86_64\bin\jli.dll
0x00007ffb60db0000 - 0x00007ffb60f51000 	C:\WINDOWS\System32\USER32.dll
0x00007ffb5fea0000 - 0x00007ffb5fec2000 	C:\WINDOWS\System32\win32u.dll
0x00007ffb62040000 - 0x00007ffb6206b000 	C:\WINDOWS\System32\GDI32.dll
0x00007ffb5f850000 - 0x00007ffb5f95f000 	C:\WINDOWS\System32\gdi32full.dll
0x00007ffb5f990000 - 0x00007ffb5fa2d000 	C:\WINDOWS\System32\msvcp_win.dll
0x00007ffb4db30000 - 0x00007ffb4db49000 	c:\Users\ADMIN\.vscode\extensions\redhat.java-1.13.0-win32-x64\jre\17.0.5-win32-x86_64\bin\VCRUNTIME140.dll
0x00007ffb4e650000 - 0x00007ffb4e8ea000 	C:\WINDOWS\WinSxS\amd64_microsoft.windows.common-controls_6595b64144ccf1df_6.0.19041.1110_none_60b5254171f9507e\COMCTL32.dll
0x00007ffb61550000 - 0x00007ffb615ee000 	C:\WINDOWS\System32\msvcrt.dll
0x00007ffb62070000 - 0x00007ffb620a2000 	C:\WINDOWS\System32\IMM32.DLL
0x00007ffb5a430000 - 0x00007ffb5a43c000 	c:\Users\ADMIN\.vscode\extensions\redhat.java-1.13.0-win32-x64\jre\17.0.5-win32-x86_64\bin\vcruntime140_1.dll
0x00007ffb231b0000 - 0x00007ffb23241000 	c:\Users\ADMIN\.vscode\extensions\redhat.java-1.13.0-win32-x64\jre\17.0.5-win32-x86_64\bin\msvcp140.dll
0x00007ffb156e0000 - 0x00007ffb16324000 	c:\Users\ADMIN\.vscode\extensions\redhat.java-1.13.0-win32-x64\jre\17.0.5-win32-x86_64\bin\server\jvm.dll
0x00007ffb614a0000 - 0x00007ffb6154e000 	C:\WINDOWS\System32\ADVAPI32.dll
0x00007ffb60f60000 - 0x00007ffb60ffc000 	C:\WINDOWS\System32\sechost.dll
0x00007ffb61ef0000 - 0x00007ffb62015000 	C:\WINDOWS\System32\RPCRT4.dll
0x00007ffb4e110000 - 0x00007ffb4e119000 	C:\WINDOWS\SYSTEM32\WSOCK32.dll
0x00007ffb60d40000 - 0x00007ffb60dab000 	C:\WINDOWS\System32\WS2_32.dll
0x00007ffb53af0000 - 0x00007ffb53b17000 	C:\WINDOWS\SYSTEM32\WINMM.dll
0x00007ffb58c00000 - 0x00007ffb58c0a000 	C:\WINDOWS\SYSTEM32\VERSION.dll
0x00007ffb5e030000 - 0x00007ffb5e042000 	C:\WINDOWS\SYSTEM32\kernel.appcore.dll
0x00007ffb56420000 - 0x00007ffb5642a000 	c:\Users\ADMIN\.vscode\extensions\redhat.java-1.13.0-win32-x64\jre\17.0.5-win32-x86_64\bin\jimage.dll
0x00007ffb5dd30000 - 0x00007ffb5df14000 	C:\WINDOWS\SYSTEM32\DBGHELP.DLL
0x00007ffb56e10000 - 0x00007ffb56e45000 	C:\WINDOWS\SYSTEM32\dbgcore.DLL
0x00007ffb5fe10000 - 0x00007ffb5fe92000 	C:\WINDOWS\System32\bcryptPrimitives.dll
0x00007ffb4db20000 - 0x00007ffb4db2e000 	c:\Users\ADMIN\.vscode\extensions\redhat.java-1.13.0-win32-x64\jre\17.0.5-win32-x86_64\bin\instrument.dll
0x00007ffb45df0000 - 0x00007ffb45e15000 	c:\Users\ADMIN\.vscode\extensions\redhat.java-1.13.0-win32-x64\jre\17.0.5-win32-x86_64\bin\java.dll
0x00007ffb3a430000 - 0x00007ffb3a448000 	c:\Users\ADMIN\.vscode\extensions\redhat.java-1.13.0-win32-x64\jre\17.0.5-win32-x86_64\bin\zip.dll
0x00007ffb61710000 - 0x00007ffb61e54000 	C:\WINDOWS\System32\SHELL32.dll
0x00007ffb5d590000 - 0x00007ffb5dd22000 	C:\WINDOWS\SYSTEM32\windows.storage.dll
0x00007ffb61000000 - 0x00007ffb61355000 	C:\WINDOWS\System32\combase.dll
0x00007ffb5f240000 - 0x00007ffb5f270000 	C:\WINDOWS\SYSTEM32\Wldp.dll
0x00007ffb60bd0000 - 0x00007ffb60c7d000 	C:\WINDOWS\System32\SHCORE.dll
0x00007ffb60ce0000 - 0x00007ffb60d35000 	C:\WINDOWS\System32\shlwapi.dll
0x00007ffb5f720000 - 0x00007ffb5f73f000 	C:\WINDOWS\SYSTEM32\profapi.dll
0x00007ffb50530000 - 0x00007ffb50549000 	C:\Users\ADMIN\.vscode\extensions\redhat.java-1.13.0-win32-x64\jre\17.0.5-win32-x86_64\bin\net.dll
0x00007ffb59550000 - 0x00007ffb5965c000 	C:\WINDOWS\SYSTEM32\WINHTTP.dll
0x00007ffb5efa0000 - 0x00007ffb5f00a000 	C:\WINDOWS\system32\mswsock.dll
0x00007ffb466b0000 - 0x00007ffb466c5000 	C:\Users\ADMIN\.vscode\extensions\redhat.java-1.13.0-win32-x64\jre\17.0.5-win32-x86_64\bin\nio.dll
0x00007ffb46640000 - 0x00007ffb46650000 	c:\Users\ADMIN\.vscode\extensions\redhat.java-1.13.0-win32-x64\jre\17.0.5-win32-x86_64\bin\verify.dll
0x00007ffb2b9a0000 - 0x00007ffb2b9de000 	C:\Users\ADMIN\AppData\Roaming\Code\User\globalStorage\redhat.java\1.13.0\config_win\org.eclipse.equinox.launcher\org.eclipse.equinox.launcher.win32.win32.x86_64_1.2.600.v20220720-1916\eclipse_11700.dll
0x00007ffb60620000 - 0x00007ffb6074a000 	C:\WINDOWS\System32\ole32.dll
0x00007ffb5f190000 - 0x00007ffb5f1a8000 	C:\WINDOWS\SYSTEM32\CRYPTSP.dll
0x00007ffb5e850000 - 0x00007ffb5e884000 	C:\WINDOWS\system32\rsaenh.dll
0x00007ffb5f960000 - 0x00007ffb5f987000 	C:\WINDOWS\System32\bcrypt.dll
0x00007ffb5f6e0000 - 0x00007ffb5f70e000 	C:\WINDOWS\SYSTEM32\USERENV.dll
0x00007ffb5f1b0000 - 0x00007ffb5f1bc000 	C:\WINDOWS\SYSTEM32\CRYPTBASE.dll
0x00007ffb5ec40000 - 0x00007ffb5ec7b000 	C:\WINDOWS\SYSTEM32\IPHLPAPI.DLL
0x00007ffb601a0000 - 0x00007ffb601a8000 	C:\WINDOWS\System32\NSI.dll
0x00007ffb57420000 - 0x00007ffb57437000 	C:\WINDOWS\SYSTEM32\dhcpcsvc6.DLL
0x00007ffb58be0000 - 0x00007ffb58bfd000 	C:\WINDOWS\SYSTEM32\dhcpcsvc.DLL
0x00007ffb5ec90000 - 0x00007ffb5ed5a000 	C:\WINDOWS\SYSTEM32\DNSAPI.dll
0x00007ffb23800000 - 0x00007ffb23840000 	C:\Users\ADMIN\AppData\Local\Temp\jna-62130991\jna10823455055572832866.dll
0x00007ffb60190000 - 0x00007ffb60198000 	C:\WINDOWS\System32\PSAPI.DLL

dbghelp: loaded successfully - version: 4.0.5 - missing functions: none
symbol engine: initialized successfully - sym options: 0x614 - pdb path: .;c:\Users\ADMIN\.vscode\extensions\redhat.java-1.13.0-win32-x64\jre\17.0.5-win32-x86_64\bin;C:\WINDOWS\SYSTEM32;C:\WINDOWS\WinSxS\amd64_microsoft.windows.common-controls_6595b64144ccf1df_6.0.19041.1110_none_60b5254171f9507e;c:\Users\ADMIN\.vscode\extensions\redhat.java-1.13.0-win32-x64\jre\17.0.5-win32-x86_64\bin\server;C:\Users\ADMIN\AppData\Roaming\Code\User\globalStorage\redhat.java\1.13.0\config_win\org.eclipse.equinox.launcher\org.eclipse.equinox.launcher.win32.win32.x86_64_1.2.600.v20220720-1916;C:\Users\ADMIN\AppData\Local\Temp\jna-62130991

VM Arguments:
jvm_args: --add-modules=ALL-SYSTEM --add-opens=java.base/java.util=ALL-UNNAMED --add-opens=java.base/java.lang=ALL-UNNAMED --add-opens=java.base/sun.nio.fs=ALL-UNNAMED -Declipse.application=org.eclipse.jdt.ls.core.id1 -Dosgi.bundles.defaultStartLevel=4 -Declipse.product=org.eclipse.jdt.ls.core.product -Djava.import.generatesMetadataFilesAtProjectRoot=false -Dfile.encoding=utf8 -XX:+UseParallelGC -XX:GCTimeRatio=4 -XX:AdaptiveSizePolicyWeight=90 -Dsun.zip.disableMemoryMapping=true -Xmx1G -Xms100m -Xlog:disable -javaagent:c:\Users\ADMIN\.vscode\extensions\redhat.java-1.13.0-win32-x64\lombok\lombok-1.18.24.jar -XX:+HeapDumpOnOutOfMemoryError -XX:HeapDumpPath=c:\Users\ADMIN\AppData\Roaming\Code\User\workspaceStorage\927270327b20aebf58e5c3e4cb664340\redhat.java 
java_command: c:\Users\ADMIN\.vscode\extensions\redhat.java-1.13.0-win32-x64\server\plugins\org.eclipse.equinox.launcher_1.6.400.v20210924-0641.jar -configuration c:\Users\ADMIN\AppData\Roaming\Code\User\globalStorage\redhat.java\1.13.0\config_win -data c:\Users\ADMIN\AppData\Roaming\Code\User\workspaceStorage\927270327b20aebf58e5c3e4cb664340\redhat.java\jdt_ws
java_class_path (initial): c:\Users\ADMIN\.vscode\extensions\redhat.java-1.13.0-win32-x64\server\plugins\org.eclipse.equinox.launcher_1.6.400.v20210924-0641.jar
Launcher Type: SUN_STANDARD

[Global flags]
    uintx AdaptiveSizePolicyWeight                 = 90                                        {product} {command line}
     intx CICompilerCount                          = 3                                         {product} {ergonomic}
    uintx GCTimeRatio                              = 4                                         {product} {command line}
     bool HeapDumpOnOutOfMemoryError               = true                                   {manageable} {command line}
    ccstr HeapDumpPath                             = c:\Users\ADMIN\AppData\Roaming\Code\User\workspaceStorage\927270327b20aebf58e5c3e4cb664340\redhat.java         {manageable} {command line}
   size_t InitialHeapSize                          = 104857600                                 {product} {command line}
   size_t MaxHeapSize                              = 1073741824                                {product} {command line}
   size_t MaxNewSize                               = 357564416                                 {product} {ergonomic}
   size_t MinHeapDeltaBytes                        = 524288                                    {product} {ergonomic}
   size_t MinHeapSize                              = 104857600                                 {product} {command line}
   size_t NewSize                                  = 34603008                                  {product} {ergonomic}
    uintx NonNMethodCodeHeapSize                   = 5832780                                {pd product} {ergonomic}
    uintx NonProfiledCodeHeapSize                  = 122912730                              {pd product} {ergonomic}
   size_t OldSize                                  = 70254592                                  {product} {ergonomic}
    uintx ProfiledCodeHeapSize                     = 122912730                              {pd product} {ergonomic}
    uintx ReservedCodeCacheSize                    = 251658240                              {pd product} {ergonomic}
     bool SegmentedCodeCache                       = true                                      {product} {ergonomic}
   size_t SoftMaxHeapSize                          = 1073741824                             {manageable} {ergonomic}
     bool UseCompressedClassPointers               = true                           {product lp64_product} {ergonomic}
     bool UseCompressedOops                        = true                           {product lp64_product} {ergonomic}
     bool UseLargePagesIndividualAllocation        = false                                  {pd product} {ergonomic}
     bool UseParallelGC                            = true                                      {product} {command line}

Logging:
Log output configuration:
 #0: stdout all=off uptime,level,tags
 #1: stderr all=off uptime,level,tags

Environment Variables:
JAVA_HOME=C:\Program Files\Java\jdk-17.0.5
PATH=C:\Python311\Scripts\;C:\Python311\;C:\ProgramData\Oracle\Java\javapath;C:\Program Files\Common Files\Oracle\Java\javapath;C:\Program Files (x86)\Common Files\Oracle\Java\javapath;C:\WINDOWS\system32;C:\WINDOWS;C:\WINDOWS\System32\Wbem;C:\WINDOWS\System32\WindowsPowerShell\v1.0\;C:\WINDOWS\System32\OpenSSH\;C:\Program Files\nodejs\;C:\ProgramData\chocolatey\bin;C:\Users\ADMIN\.vscode\extensions\apache-maven-3.8.6\bin;C:\Users\ADMIN\AppData\Local\Microsoft\WindowsApps;C:\Users\ADMIN\AppData\Local\Programs\Microsoft VS Code\bin;C:\Users\ADMIN\AppData\Roaming\npm;C:\Program Files\JetBrains\IntelliJ IDEA 2022.2\bin;;
USERNAME=ADMIN
OS=Windows_NT
PROCESSOR_IDENTIFIER=Intel64 Family 6 Model 69 Stepping 1, GenuineIntel
TMP=C:\Users\ADMIN\AppData\Local\Temp
TEMP=C:\Users\ADMIN\AppData\Local\Temp



---------------  S Y S T E M  ---------------

OS:
 Windows 10 , 64 bit Build 19041 (10.0.19041.2364)
OS uptime: 2 days 8:28 hours

CPU: total 4 (initial active 4) (2 cores per cpu, 2 threads per core) family 6 model 69 stepping 1 microcode 0x25, cx8, cmov, fxsr, ht, mmx, sse, sse2, sse3, ssse3, sse4.1, sse4.2, popcnt, lzcnt, tsc, tscinvbit, avx, avx2, aes, erms, clmul, bmi1, bmi2, fma, vzeroupper, clflush

Memory: 4k page, system-wide physical 12171M (6178M free)
TotalPageFile size 14027M (AvailPageFile size 5088M)
current process WorkingSet (physical memory assigned to process): 254M, peak: 330M
current process commit charge ("private bytes"): 379M, peak: 379M

vm_info: OpenJDK 64-Bit Server VM (17.0.5+8) for windows-amd64 JRE (17.0.5+8), built on Oct 19 2022 04:48:13 by "temurin" with MS VC++ 16.7 (VS2019)

END.
